e:\项目资料\上位机\testbyyu\seriesmfc\series\series\debug\series.pch
e:\项目资料\上位机\testbyyu\seriesmfc\series\series\debug\vc120.pdb
e:\项目资料\上位机\testbyyu\seriesmfc\series\series\debug\vc120.idb
e:\项目资料\上位机\testbyyu\seriesmfc\series\series\debug\stdafx.obj
e:\项目资料\上位机\testbyyu\seriesmfc\series\series\debug\fileutils.obj
e:\项目资料\上位机\testbyyu\seriesmfc\series\series\debug\serialutils.obj
e:\项目资料\上位机\testbyyu\seriesmfc\series\series\debug\series.obj
e:\项目资料\上位机\testbyyu\seriesmfc\series\series\debug\seriesdlg.obj
e:\项目资料\上位机\testbyyu\seriesmfc\series\series\debug\tchart1.obj
e:\项目资料\上位机\testbyyu\seriesmfc\series\debug\series.ilk
e:\项目资料\上位机\testbyyu\seriesmfc\series\debug\series.exe
e:\项目资料\上位机\testbyyu\seriesmfc\series\debug\series.pdb
e:\项目资料\上位机\testbyyu\seriesmfc\series\series\debug\series.res
e:\项目资料\上位机\testbyyu\seriesmfc\series\series\debug\teechart8.tli
e:\项目资料\上位机\testbyyu\seriesmfc\series\series\debug\teechart8.tlh
e:\项目资料\上位机\testbyyu\seriesmfc\series\series\debug\series.tlog\cl.command.1.tlog
e:\项目资料\上位机\testbyyu\seriesmfc\series\series\debug\series.tlog\cl.read.1.tlog
e:\项目资料\上位机\testbyyu\seriesmfc\series\series\debug\series.tlog\cl.read.2.tlog
e:\项目资料\上位机\testbyyu\seriesmfc\series\series\debug\series.tlog\cl.write.1.tlog
e:\项目资料\上位机\testbyyu\seriesmfc\series\series\debug\series.tlog\link.command.1.tlog
e:\项目资料\上位机\testbyyu\seriesmfc\series\series\debug\series.tlog\link.read.1.tlog
e:\项目资料\上位机\testbyyu\seriesmfc\series\series\debug\series.tlog\link.write.1.tlog
e:\项目资料\上位机\testbyyu\seriesmfc\series\series\debug\series.tlog\rc.command.1.tlog
e:\项目资料\上位机\testbyyu\seriesmfc\series\series\debug\series.tlog\rc.read.1.tlog
e:\项目资料\上位机\testbyyu\seriesmfc\series\series\debug\series.tlog\rc.write.1.tlog
